null 
 Verificando Email's...  06/10/2014 21:57:51 
 Novo Email recebido...  06/10/2014 21:57:51 
 Novo Email recebido...  06/10/2014 21:57:52 
 Anexo Encontrado...  06/10/2014 21:57:52 
 Verificando Email's...  06/10/2014 21:59:44 
 Novo Email recebido...  06/10/2014 21:59:44 
 Novo Email recebido...  06/10/2014 21:59:45 
 Anexo Encontrado...  06/10/2014 21:59:45 
 Anexo Encontrado...  06/10/2014 21:59:45 
 Novo Email recebido...  06/10/2014 21:59:45 
 Anexo Encontrado...  06/10/2014 21:59:45 
 Anexo Encontrado...  06/10/2014 21:59:45 
 Novo Email recebido...  06/10/2014 21:59:45 
 Anexo Encontrado...  06/10/2014 21:59:45 
 Download do XML da nota 43141007349356000184550010000057841201412040-nfe.xml realizado com sucesso. 06/10/2014 21:59:45 
 Anexo Encontrado...  06/10/2014 21:59:45 
 Download do PDF da nota 43141007349356000184550010000057841201412040-nfe.pdf realizado com sucesso. 06/10/2014 21:59:46 
 Realizando Parse do Xml...  06/10/2014 21:59:46 
 Parse realizado com sucesso!  06/10/2014 21:59:47 
 Novo Email recebido...  06/10/2014 21:59:47 
 Anexo Encontrado...  06/10/2014 21:59:47 
 Download do XML da nota CTe43141000428307000279570030001239271001239271.xml realizado com sucesso. 06/10/2014 21:59:47 
 Anexo Encontrado...  06/10/2014 21:59:47 
 Download do PDF da nota 4762716637042381252_CTe43141000428307000279570030001239271001239271.pdf realizado com sucesso. 06/10/2014 21:59:48 
 Realizando Parse do Xml...  06/10/2014 21:59:48 
 Novo Email recebido...  06/10/2014 21:59:48 
 Anexo Encontrado...  06/10/2014 21:59:48 
 Download do XML da nota CTe42141000428307000783570040001687091001687097.xml realizado com sucesso. 06/10/2014 21:59:48 
 Anexo Encontrado...  06/10/2014 21:59:48 
 Download do PDF da nota 5694751828960783878_CTe42141000428307000783570040001687091001687097.pdf realizado com sucesso. 06/10/2014 21:59:49 
 Realizando Parse do Xml...  06/10/2014 21:59:49 
 Verificando Email's...  06/10/2014 22:07:01 
 Novo Email recebido...  06/10/2014 22:07:28 
 Anexo Encontrado...  06/10/2014 22:07:28 
 Download do XML da nota 43141007349356000184550010000057841201412040-nfe.xml realizado com sucesso. 06/10/2014 22:07:28 
 Anexo Encontrado...  06/10/2014 22:07:28 
 Download do PDF da nota 43141007349356000184550010000057841201412040-nfe.pdf realizado com sucesso. 06/10/2014 22:07:29 
 Realizando Parse do Xml...  06/10/2014 22:07:29 
 Nota Fiscal já existente, verifique! 06/10/2014 22:07:30 
 Parse realizado com sucesso!  06/10/2014 22:07:30 
 Verificando Email's...  06/10/2014 22:13:13 
 Verificando Email's...  06/10/2014 22:13:14 
 Verificando Email's...  06/10/2014 22:13:14 
 Verificando Email's...  06/10/2014 22:13:15 
 Verificando Email's...  06/10/2014 22:13:15 
 Verificando Email's...  06/10/2014 22:13:16 
 Verificando Email's...  06/10/2014 22:13:17 
 Verificando Email's...  06/10/2014 22:13:17 
 Verificando Email's...  06/10/2014 22:13:18 
 Verificando Email's...  06/10/2014 22:13:19 
 Verificando Email's...  06/10/2014 22:13:19 
 Verificando Email's...  06/10/2014 22:13:20 
 Verificando Email's...  06/10/2014 22:13:20 
 Verificando Email's...  06/10/2014 22:13:21 
 Verificando Email's...  06/10/2014 22:13:50 
 Novo Email recebido...  06/10/2014 22:14:06 
 Verificando Email's...  06/10/2014 22:15:23 
 Verificando Email's...  06/10/2014 22:15:23 
 Verificando Email's...  06/10/2014 22:16:10 
 Verificando Email's...  06/10/2014 22:18:57 
 Verificando Email's...  06/10/2014 22:19:02 
 Verificando Email's...  06/10/2014 22:19:07 
 Verificando Email's...  06/10/2014 22:19:12 
 Novo Email recebido...  06/10/2014 22:19:13 
 Anexo Encontrado...  06/10/2014 22:19:13 
 Download do XML da nota CTe43141000428307000279570030001239271001239271.xml realizado com sucesso. 06/10/2014 22:19:13 
 Anexo Encontrado...  06/10/2014 22:19:13 
 Download do PDF da nota 4762716637042381252_CTe43141000428307000279570030001239271001239271.pdf realizado com sucesso. 06/10/2014 22:19:14 
 Realizando Parse do Xml...  06/10/2014 22:19:14 
 Verificando Email's...  06/10/2014 22:19:17 
 Verificando Email's...  06/10/2014 22:19:22 
 Verificando Email's...  06/10/2014 22:19:27 
 Verificando Email's...  06/10/2014 22:20:45 
 Verificando Email's...  06/10/2014 22:20:50 
 Novo Email recebido...  06/10/2014 22:20:50 
 Anexo Encontrado...  06/10/2014 22:20:50 
 Download do XML da nota CTe43141000428307000279570030001239271001239271.xml realizado com sucesso. 06/10/2014 22:20:51 
 Anexo Encontrado...  06/10/2014 22:20:51 
 Download do PDF da nota 4762716637042381252_CTe43141000428307000279570030001239271001239271.pdf realizado com sucesso. 06/10/2014 22:20:52 
 Realizando Parse do Xml...  06/10/2014 22:20:52 
 unexpected element (uri:"http://www.portalfiscal.inf.br/cte", local:"cteProc"). Expected elements are <{http://www.portalfiscal.inf.br/nfe}COFINS>,<{http://www.portalfiscal.inf.br/nfe}NFe>,<{http://www.portalfiscal.inf.br/nfe}nfeProc> 06/10/2014 22:20:52 
 Verificando Email's...  06/10/2014 22:20:55 
 Verificando Email's...  06/10/2014 22:21:00 
 Verificando Email's...  06/10/2014 22:27:05 
 Novo Email recebido. Assunto: Envio dos arquivos XML/PDF da NF-e serie/número [1/005784] de Razão Social: [GABRIEL B. L. CORREA] CNPJ: [07.349.356/0001-84]Remetente: [Ljavax.mail.internet.InternetAddress;@3f647c0d 06/10/2014 22:27:06 
 Anexo Encontrado...  06/10/2014 22:27:06 
 Download do XML da nota 43141007349356000184550010000057841201412040-nfe.xml realizado com sucesso. 06/10/2014 22:27:06 
 Anexo Encontrado...  06/10/2014 22:27:06 
 Download do PDF da nota 43141007349356000184550010000057841201412040-nfe.pdf realizado com sucesso. 06/10/2014 22:27:07 
 Realizando Parse do Xml...  06/10/2014 22:27:07 
 Nota Fiscal já existente, verifique! 06/10/2014 22:27:08 
 Parse realizado com sucesso!  06/10/2014 22:27:08 
 Verificando Email's...  06/10/2014 22:27:10 
 Verificando Email's...  06/10/2014 22:27:15 
 Verificando Email's...  06/10/2014 22:27:20 
 Verificando Email's...  06/10/2014 22:27:25 
 Verificando Email's...  06/10/2014 22:28:45 
 Novo Email recebido. Remetente: [Ljavax.mail.internet.InternetAddress;@5d3d9406, Assunto: Envio dos arquivos XML/PDF da NF-e serie/número [1/005784] de Razão Social: [GABRIEL B. L. CORREA] CNPJ: [07.349.356/0001-84] 06/10/2014 22:28:45 
 Anexo Encontrado...  06/10/2014 22:28:46 
 Download do XML da nota 43141007349356000184550010000057841201412040-nfe.xml realizado com sucesso. 06/10/2014 22:28:46 
 Anexo Encontrado...  06/10/2014 22:28:46 
 Download do PDF da nota 43141007349356000184550010000057841201412040-nfe.pdf realizado com sucesso. 06/10/2014 22:28:46 
 Realizando Parse do Xml...  06/10/2014 22:28:46 
 Nota Fiscal já existente, verifique! 06/10/2014 22:28:47 
 Parse realizado com sucesso!  06/10/2014 22:28:47 
 Verificando Email's...  06/10/2014 22:28:50 
 Verificando Email's...  06/10/2014 22:29:38 
 Novo Email recebido. Remetente: Mailer-Daemon@burns.jbs.com.br, Assunto: Undelivered Mail Returned to Sender 06/10/2014 22:29:38 
 Anexo Encontrado...  06/10/2014 22:29:38 
 Anexo Encontrado...  06/10/2014 22:29:38 
 Verificando Email's...  06/10/2014 22:29:43 
 Verificando Email's...  06/10/2014 22:33:10 
 Verificando Email's...  06/10/2014 22:33:15 
 Novo Email recebido. Remetente: nfe@ediprint.com.br, Assunto: ENC: NOTA FISCAL ELETRÔNICA - NF-e 06/10/2014 22:33:15 
 Anexo Encontrado: null 06/10/2014 22:33:16 
 Anexo Encontrado: 42140905046582000160550010000109891000000004-nfe.xml 06/10/2014 22:33:16 
 Download do XML da nota 42140905046582000160550010000109891000000004-nfe.xml realizado com sucesso. 06/10/2014 22:33:16 
 Anexo Encontrado: 42140905046582000160550010000109891000000004.pdf 06/10/2014 22:33:16 
 Download do PDF da nota 42140905046582000160550010000109891000000004.pdf realizado com sucesso. 06/10/2014 22:33:16 
 Realizando Parse do Xml...  06/10/2014 22:33:16 
 Parse realizado com sucesso!  06/10/2014 22:33:17 
 Verificando Email's...  06/10/2014 22:33:20 
 Verificando Email's...  06/10/2014 22:34:25 
 Novo Email recebido. Remetente: =?utf-8?Q?Envio_Arquivos_CTe_Vers=C3=A3o_2=2E00_EXPSM?= <enviob2bcte@nfendd.com.br>, Assunto: Envio arquivos do CTe 000168709 emitido por SAO CRISTOVAO DO SUL - EXPRESSO SAO MIGUEL LTDA 06/10/2014 22:34:26 
 Anexo Encontrado: CTe42141000428307000783570040001687091001687097.xml 06/10/2014 22:34:26 
 Download do XML da nota CTe42141000428307000783570040001687091001687097.xml realizado com sucesso. 06/10/2014 22:34:26 
 Anexo Encontrado: 5694751828960783878_CTe42141000428307000783570040001687091001687097.pdf 06/10/2014 22:34:26 
 Download do PDF da nota 5694751828960783878_CTe42141000428307000783570040001687091001687097.pdf realizado com sucesso. 06/10/2014 22:34:27 
 Realizando Parse do Xml...  06/10/2014 22:34:27 
 unexpected element (uri:"http://www.portalfiscal.inf.br/cte", local:"cteProc"). Expected elements are <{http://www.portalfiscal.inf.br/nfe}COFINS>,<{http://www.portalfiscal.inf.br/nfe}NFe>,<{http://www.portalfiscal.inf.br/nfe}nfeProc> 06/10/2014 22:34:27 
 Verificando Email's...  06/10/2014 22:34:30 
 Novo Email recebido. Remetente: Mail Delivery System <MAILER-DAEMON@imap12.uni5.net>, Assunto: Undelivered Mail Returned to Sender 06/10/2014 22:34:31 
 Anexo Encontrado: null 06/10/2014 22:34:31 
 Anexo Encontrado: null 06/10/2014 22:34:31 
 Realizando Parse do Xml...  06/10/2014 22:34:31 
 unexpected element (uri:"http://www.portalfiscal.inf.br/cte", local:"cteProc"). Expected elements are <{http://www.portalfiscal.inf.br/nfe}COFINS>,<{http://www.portalfiscal.inf.br/nfe}NFe>,<{http://www.portalfiscal.inf.br/nfe}nfeProc> 06/10/2014 22:34:31 
 Verificando Email's...  06/10/2014 22:34:35 
 Verificando Email's...  06/10/2014 22:34:40 
 Verificando Email's...  06/10/2014 22:34:45 
 Verificando Email's...  06/10/2014 22:36:42 
 Novo Email recebido. Remetente: Trevo Eletro - Outlet Eletro Eletronico <trevo@liuta.com.br>, Assunto: Voce Ganhou 50 Reais + 1 Pen Drive! Só Hoje 06/10/2014 22:36:46 
 Novo Email recebido. Remetente: =?utf-8?Q?Envio_Arquivos_CTe_Vers=C3=A3o_2=2E00_EXPSM?= <enviob2bcte@nfendd.com.br>, Assunto: Envio arquivos do CTe 000123927 emitido por SAO LEOPOLDO - EXPRESSO SAO MIGUEL LTDA 06/10/2014 22:36:47 
 Anexo Encontrado: CTe43141000428307000279570030001239271001239271.xml 06/10/2014 22:36:47 
 Download do XML da nota CTe43141000428307000279570030001239271001239271.xml realizado com sucesso. 06/10/2014 22:36:47 
 Anexo Encontrado: 4762716637042381252_CTe43141000428307000279570030001239271001239271.pdf 06/10/2014 22:36:47 
 Download do PDF da nota 4762716637042381252_CTe43141000428307000279570030001239271001239271.pdf realizado com sucesso. 06/10/2014 22:36:48 
 Realizando Parse do Xml...  06/10/2014 22:36:48 
 unexpected element (uri:"http://www.portalfiscal.inf.br/cte", local:"cteProc"). Expected elements are <{http://www.portalfiscal.inf.br/nfe}COFINS>,<{http://www.portalfiscal.inf.br/nfe}NFe>,<{http://www.portalfiscal.inf.br/nfe}nfeProc> 06/10/2014 22:36:48 
 Novo Email recebido. Remetente: Mail Delivery System <MAILER-DAEMON@imap12.uni5.net>, Assunto: Undelivered Mail Returned to Sender 06/10/2014 22:36:49 
 Anexo Encontrado: null 06/10/2014 22:36:49 
 Anexo Encontrado: null 06/10/2014 22:36:49 
 Novo Email recebido. Remetente: Leandro Franciscato <leandro@dbsti.com.br>, Assunto: Fwd: NOTA FISCAL ELETRÔNICA - NF-e 06/10/2014 22:36:49 
 Anexo Encontrado: null 06/10/2014 22:36:49 
 Anexo Encontrado: 42140905046582000160550010000109891000000004-nfe.xml 06/10/2014 22:36:49 
 Download do XML da nota 42140905046582000160550010000109891000000004-nfe.xml realizado com sucesso. 06/10/2014 22:36:50 
 Anexo Encontrado: 42140905046582000160550010000109891000000004.pdf 06/10/2014 22:36:50 
 Download do PDF da nota 42140905046582000160550010000109891000000004.pdf realizado com sucesso. 06/10/2014 22:36:50 
 Realizando Parse do Xml...  06/10/2014 22:36:50 
 Nota Fiscal já existente, verifique! 06/10/2014 22:36:51 
 Parse realizado com sucesso!  06/10/2014 22:36:51 
 Verificando Email's...  06/10/2014 22:36:51 
 Verificando Email's...  06/10/2014 22:36:53 
 Verificando Email's...  06/10/2014 22:36:57 
 Verificando Email's...  06/10/2014 22:38:45 
 Novo Email recebido. Remetente: Mail Delivery System <MAILER-DAEMON@imap12.uni5.net>, Assunto: Undelivered Mail Returned to Sender 06/10/2014 22:38:47 
 Verificando Email's...  06/10/2014 22:38:50 
 Verificando Email's...  06/10/2014 22:38:55 
 Novo Email recebido. Remetente: =?utf-8?Q?Envio_Arquivos_CTe_Vers=C3=A3o_2=2E00_EXPSM?= <enviob2bcte@nfendd.com.br>, Assunto: Envio arquivos do CTe 000123927 emitido por SAO LEOPOLDO - EXPRESSO SAO MIGUEL LTDA 06/10/2014 22:38:57 
 Anexo Encontrado: CTe43141000428307000279570030001239271001239271.xml 06/10/2014 22:38:57 
 Download do XML da nota CTe43141000428307000279570030001239271001239271.xml realizado com sucesso. 06/10/2014 22:38:57 
 Anexo Encontrado: 4762716637042381252_CTe43141000428307000279570030001239271001239271.pdf 06/10/2014 22:38:57 
 Download do PDF da nota 4762716637042381252_CTe43141000428307000279570030001239271001239271.pdf realizado com sucesso. 06/10/2014 22:38:58 
 Realizando Parse do Xml...  06/10/2014 22:38:58 
 unexpected element (uri:"http://www.portalfiscal.inf.br/cte", local:"cteProc"). Expected elements are <{http://www.portalfiscal.inf.br/nfe}COFINS>,<{http://www.portalfiscal.inf.br/nfe}NFe>,<{http://www.portalfiscal.inf.br/nfe}nfeProc> 06/10/2014 22:38:59 
 Verificando Email's...  06/10/2014 22:39:00 
 Verificando Email's...  06/10/2014 22:39:05 
 Verificando Email's...  06/10/2014 22:39:10 
 Verificando Email's...  06/10/2014 22:39:15 
 Novo Email recebido. Remetente: envio_nfe@arconvert.com.br, Assunto: =?iso-8859-1?Q?Nota Fiscal Eletr=F4nica da ARCONVERT BRASIL LTDA - Chave de Acesso : 35141002364069000120550010000487501000261157?= 06/10/2014 22:39:16 
 Anexo Encontrado: 35141002364069000120550010000487501000261157-NFe-Proc.XML 06/10/2014 22:39:16 
 Verificando Email's...  06/10/2014 22:39:20 
 Verificando Email's...  06/10/2014 22:39:25 
 Verificando Email's...  06/10/2014 22:39:30 
 Verificando Email's...  06/10/2014 22:39:35 
 Verificando Email's...  06/10/2014 22:39:40 
 Novo Email recebido. Remetente: envio_nfe@arconvert.com.br, Assunto: =?iso-8859-1?Q?Nota Fiscal Eletr=F4nica da ARCONVERT BRASIL LTDA - Chave de Acesso : 35141002364069000120550010000487501000261157?= 06/10/2014 22:39:41 
 Anexo Encontrado: 35141002364069000120550010000487501000261157-NFe-Proc.XML 06/10/2014 22:39:41 
 Verificando Email's...  06/10/2014 22:41:32 
 Novo Email recebido. Remetente: envio_nfe@arconvert.com.br, Assunto: =?iso-8859-1?Q?Nota Fiscal Eletr=F4nica da ARCONVERT BRASIL LTDA - Chave de Acesso : 35141002364069000120550010000487501000261157?= 06/10/2014 22:41:33 
 Anexo Encontrado: 35141002364069000120550010000487501000261157-NFe-Proc.XML 06/10/2014 22:41:33 
 Verificando Email's...  06/10/2014 22:41:37 
 Verificando Email's...  06/10/2014 22:43:18 
 Novo Email recebido. Remetente: envio_nfe@arconvert.com.br, Assunto: =?iso-8859-1?Q?Nota Fiscal Eletr=F4nica da ARCONVERT BRASIL LTDA - Chave de Acesso : 35141002364069000120550010000487501000261157?= 06/10/2014 22:43:19 
 Anexo Encontrado: 35141002364069000120550010000487501000261157-NFe-Proc.XML 06/10/2014 22:43:19 
 Download do XML da nota 35141002364069000120550010000487501000261157-NFe-Proc.XML realizado com sucesso. 06/10/2014 22:43:19 
 Realizando Parse do Xml...  06/10/2014 22:43:19 
 Verificando Email's...  06/10/2014 22:45:37 
 Novo Email recebido. Remetente: envio_nfe@arconvert.com.br, Assunto: =?iso-8859-1?Q?Nota Fiscal Eletr=F4nica da ARCONVERT BRASIL LTDA - Chave de Acesso : 35141002364069000120550010000487501000261157?= 06/10/2014 22:45:37 
 Anexo Encontrado: 35141002364069000120550010000487501000261157-NFe-Proc.XML 06/10/2014 22:45:37 
 Download do XML da nota 35141002364069000120550010000487501000261157-NFe-Proc.XML realizado com sucesso. 06/10/2014 22:45:38 
 Realizando Parse do Xml...  06/10/2014 22:45:38 
 Nota Fiscal já existente, verifique! 06/10/2014 22:45:38 
 Parse realizado com sucesso!  06/10/2014 22:45:38 
 Novo Email recebido. Remetente: MLC INDUSTRIA MECANICA  <faturamento@mlc.com.br>, Assunto: Envio dos arquivos XML/PDF da NF-e serie/número [1/055831] de Razão Social: [MLC INDUSTRIA MECANICA LTDA] CNPJ: [74.571.621/0001-61] 06/10/2014 22:45:39 
 Anexo Encontrado: 35141074571621000161550010000558311014136167-nfe.xml 06/10/2014 22:45:39 
 Download do XML da nota 35141074571621000161550010000558311014136167-nfe.xml realizado com sucesso. 06/10/2014 22:45:39 
 Anexo Encontrado: 35141074571621000161550010000558311014136167-nfe.pdf 06/10/2014 22:45:39 
 Download do PDF da nota 35141074571621000161550010000558311014136167-nfe.pdf realizado com sucesso. 06/10/2014 22:45:39 
 Realizando Parse do Xml...  06/10/2014 22:45:39 
 Parse realizado com sucesso!  06/10/2014 22:45:40 
 Novo Email recebido. Remetente: nfe@ediprint.com.br, Assunto: ENC: NOTA FISCAL ELETRÔNICA - NF-e 06/10/2014 22:45:40 
 Anexo Encontrado: 42140905046582000160550010000109891000000004-nfe.xml 06/10/2014 22:45:40 
 Download do XML da nota 42140905046582000160550010000109891000000004-nfe.xml realizado com sucesso. 06/10/2014 22:45:40 
 Anexo Encontrado: 42140905046582000160550010000109891000000004.pdf 06/10/2014 22:45:40 
 Download do PDF da nota 42140905046582000160550010000109891000000004.pdf realizado com sucesso. 06/10/2014 22:45:41 
 Realizando Parse do Xml...  06/10/2014 22:45:41 
 Nota Fiscal já existente, verifique! 06/10/2014 22:45:41 
 Parse realizado com sucesso!  06/10/2014 22:45:41 
 Verificando Email's...  06/10/2014 22:45:42 
 Verificando Email's...  06/10/2014 22:45:47 
 Verificando Email's...  06/10/2014 22:46:44 
 Verificando Email's...  06/10/2014 22:46:49 
 Novo Email recebido. Remetente: envio_nfe@arconvert.com.br, Assunto: =?iso-8859-1?Q?Nota Fiscal Eletr=F4nica da ARCONVERT BRASIL LTDA - Chave de Acesso : 35141002364069000120550010000487501000261157?= 06/10/2014 22:46:49 
 Anexo Encontrado: 35141002364069000120550010000487501000261157-NFe-Proc.XML 06/10/2014 22:46:49 
 Download do XML da nota 35141002364069000120550010000487501000261157-NFe-Proc.XML realizado com sucesso. 06/10/2014 22:46:50 
 Realizando Parse do Xml...  06/10/2014 22:46:50 
 Parse realizado com sucesso!  06/10/2014 22:46:51 
 Verificando Email's...  06/10/2014 22:46:54 
 Verificando Email's...  06/10/2014 22:46:59 
 Novo Email recebido. Remetente: Leandro Franciscato <leandro@dbsti.com.br>, Assunto: Fwd: NOTA FISCAL ELETRÔNICA - NF-e 06/10/2014 22:46:59 
 Anexo Encontrado: 42140905046582000160550010000109891000000004-nfe.xml 06/10/2014 22:46:59 
 Download do XML da nota 42140905046582000160550010000109891000000004-nfe.xml realizado com sucesso. 06/10/2014 22:47:00 
 Anexo Encontrado: 42140905046582000160550010000109891000000004.pdf 06/10/2014 22:47:00 
 Download do PDF da nota 42140905046582000160550010000109891000000004.pdf realizado com sucesso. 06/10/2014 22:47:00 
 Realizando Parse do Xml...  06/10/2014 22:47:00 
 Parse realizado com sucesso!  06/10/2014 22:47:01 
 Verificando Email's...  06/10/2014 22:47:04 
 Verificando Email's...  07/10/2014 11:39:18 
 Novo Email recebido. Remetente: envio_nfe@arconvert.com.br, Assunto: =?iso-8859-1?Q?Nota Fiscal Eletr=F4nica da ARCONVERT BRASIL LTDA - Chave de Acesso : 35141002364069000120550010000487501000261157?= 07/10/2014 11:39:19 
 Anexo Encontrado: 35141002364069000120550010000487501000261157-NFe-Proc.XML 07/10/2014 11:39:20 
 Download do XML da nota 35141002364069000120550010000487501000261157-NFe-Proc.XML realizado com sucesso. 07/10/2014 11:39:20 
 Realizando Parse do Xml...  07/10/2014 11:39:20 
 Verificando Email's...  07/10/2014 11:48:42 
 Novo Email recebido. Remetente: envio_nfe@arconvert.com.br, Assunto: =?iso-8859-1?Q?Nota Fiscal Eletr=F4nica da ARCONVERT BRASIL LTDA - Chave de Acesso : 35141002364069000120550010000487501000261157?= 07/10/2014 11:48:42 
 Anexo Encontrado: 35141002364069000120550010000487501000261157-NFe-Proc.XML 07/10/2014 11:48:43 
 Download do XML da nota 35141002364069000120550010000487501000261157-NFe-Proc.XML realizado com sucesso. 07/10/2014 11:48:43 
 Realizando Parse do Xml...  07/10/2014 11:48:43 
 Parse realizado com sucesso!  07/10/2014 11:48:47 
 Novo Email recebido. Remetente: Grafipel <divulga@grafipel.com.br>, Assunto: Curso ScrapBook para Crianças na Grafipel Sábado 11/10 07/10/2014 11:48:47 
 Realizando Parse do Xml...  07/10/2014 11:48:47 
 Nota Fiscal já existente, verifique! 07/10/2014 11:48:47 
 Parse realizado com sucesso!  07/10/2014 11:48:47 
 Novo Email recebido. Remetente: Dafiti - Parceiro Getmail <dafiti@liuta.com.br>, Assunto: ULTIMAS 24hs! Com até 80% OFF nas Melhores Marcas 07/10/2014 11:48:47 
 Realizando Parse do Xml...  07/10/2014 11:48:47 
 Nota Fiscal já existente, verifique! 07/10/2014 11:48:48 
 Parse realizado com sucesso!  07/10/2014 11:48:48 
 Verificando Email's...  07/10/2014 11:48:48 
 Verificando Email's...  07/10/2014 11:48:52 
 Verificando Email's...  07/10/2014 11:49:59 
 Verificando Email's...  07/10/2014 11:50:04 
 Verificando Email's...  07/10/2014 11:50:09 
 Verificando Email's...  07/10/2014 11:50:14 
 Verificando Email's...  07/10/2014 11:50:19 
 Verificando Email's...  07/10/2014 11:50:24 
 Verificando Email's...  07/10/2014 11:50:29 
 Verificando Email's...  07/10/2014 11:50:34 
 Novo Email recebido. Remetente: nfe@ediprint.com.br, Assunto: ENC: Envio dos arquivos XML/PDF da NF-e serie/número [1/055831] de Razão Social: [MLC INDUSTRIA MECANICA  LTDA] CNPJ: [74.571.621/0001-61] 07/10/2014 11:50:35 
 Anexo Encontrado: 35141074571621000161550010000558311014136167-nfe.xml 07/10/2014 11:50:35 
 Download do XML da nota 35141074571621000161550010000558311014136167-nfe.xml realizado com sucesso. 07/10/2014 11:50:35 
 Anexo Encontrado: 35141074571621000161550010000558311014136167-nfe.pdf 07/10/2014 11:50:35 
 Download do PDF da nota 35141074571621000161550010000558311014136167-nfe.pdf realizado com sucesso. 07/10/2014 11:50:36 
 Realizando Parse do Xml...  07/10/2014 11:50:36 
 Parse realizado com sucesso!  07/10/2014 11:50:40 
 Verificando Email's...  07/10/2014 11:50:40 
 Verificando Email's...  07/10/2014 11:50:44 
 Verificando Email's...  07/10/2014 11:50:49 
 Verificando Email's...  07/10/2014 11:50:54 
 Novo Email recebido. Remetente: MLC INDUSTRIA MECANICA  <faturamento@mlc.com.br>, Assunto: Envio dos arquivos XML/PDF da NF-e serie/número [1/055831] de Razão Social: [MLC INDUSTRIA MECANICA LTDA] CNPJ: [74.571.621/0001-61] 07/10/2014 11:50:55 
 Anexo Encontrado: 35141074571621000161550010000558311014136167-nfe.xml 07/10/2014 11:50:55 
 Download do XML da nota 35141074571621000161550010000558311014136167-nfe.xml realizado com sucesso. 07/10/2014 11:50:55 
 Anexo Encontrado: 35141074571621000161550010000558311014136167-nfe.pdf 07/10/2014 11:50:55 
 Download do PDF da nota 35141074571621000161550010000558311014136167-nfe.pdf realizado com sucesso. 07/10/2014 11:50:55 
 Realizando Parse do Xml...  07/10/2014 11:50:55 
 Nota Fiscal já existente, verifique! 07/10/2014 11:50:55 
 Parse realizado com sucesso!  07/10/2014 11:50:55 
 Verificando Email's...  07/10/2014 11:50:59 
 Verificando Email's...  07/10/2014 11:51:04 
 Verificando Email's...  07/10/2014 11:51:09 
 Verificando Email's...  07/10/2014 11:51:14 
 Novo Email recebido. Remetente: nfe@suzano.com.br, Assunto: Suzano Papel e Celulose S.A. - NF-e 000001926 07/10/2014 11:51:15 
 Anexo Encontrado: NFe41141016404287015004550010000019261003184097.xml 07/10/2014 11:51:15 
 Download do XML da nota NFe41141016404287015004550010000019261003184097.xml realizado com sucesso. 07/10/2014 11:51:15 
 Realizando Parse do Xml...  07/10/2014 11:51:15 
 Verificando Email's...  07/10/2014 11:52:54 
 Novo Email recebido. Remetente: nfe@suzano.com.br, Assunto: Suzano Papel e Celulose S.A. - NF-e 000001926 07/10/2014 11:52:54 
 Anexo Encontrado: NFe41141016404287015004550010000019261003184097.xml 07/10/2014 11:52:54 
 Download do XML da nota NFe41141016404287015004550010000019261003184097.xml realizado com sucesso. 07/10/2014 11:52:54 
 Realizando Parse do Xml...  07/10/2014 11:52:54 
 Parse realizado com sucesso!  07/10/2014 11:52:56 
 Verificando Email's...  07/10/2014 11:52:59 
 Verificando Email's...  07/10/2014 11:53:04 
 Verificando Email's...  07/10/2014 11:53:09 
 Verificando Email's...  07/10/2014 11:53:14 
 Verificando Email's...  07/10/2014 11:53:19 
 Verificando Email's...  07/10/2014 11:53:24 
 Verificando Email's...  07/10/2014 11:53:29 
 Novo Email recebido. Remetente: "GABRIEL B. L. " <vivian@mlc.com.br>, Assunto: Envio dos arquivos XML/PDF da NF-e serie/número [1/005784] de Razão Social: [GABRIEL B. L. CORREA] CNPJ: [07.349.356/0001-84] 07/10/2014 11:53:29 
 Anexo Encontrado: 43141007349356000184550010000057841201412040-nfe.xml 07/10/2014 11:53:29 
 Download do XML da nota 43141007349356000184550010000057841201412040-nfe.xml realizado com sucesso. 07/10/2014 11:53:29 
 Anexo Encontrado: 43141007349356000184550010000057841201412040-nfe.pdf 07/10/2014 11:53:29 
 Download do PDF da nota 43141007349356000184550010000057841201412040-nfe.pdf realizado com sucesso. 07/10/2014 11:53:29 
 Realizando Parse do Xml...  07/10/2014 11:53:29 
 Verificando Email's...  07/10/2014 11:55:05 
 Novo Email recebido. Remetente: "GABRIEL B. L. " <vivian@mlc.com.br>, Assunto: Envio dos arquivos XML/PDF da NF-e serie/número [1/005784] de Razão Social: [GABRIEL B. L. CORREA] CNPJ: [07.349.356/0001-84] 07/10/2014 11:55:05 
 Anexo Encontrado: 43141007349356000184550010000057841201412040-nfe.xml 07/10/2014 11:55:05 
 Download do XML da nota 43141007349356000184550010000057841201412040-nfe.xml realizado com sucesso. 07/10/2014 11:55:05 
 Anexo Encontrado: 43141007349356000184550010000057841201412040-nfe.pdf 07/10/2014 11:55:05 
 Download do PDF da nota 43141007349356000184550010000057841201412040-nfe.pdf realizado com sucesso. 07/10/2014 11:55:05 
 Realizando Parse do Xml...  07/10/2014 11:55:05 
 Parse realizado com sucesso!  07/10/2014 11:55:08 
 Verificando Email's...  07/10/2014 11:55:10 
 Novo Email recebido. Remetente: carnespaulista@terra.com.br, Assunto: RES: NOTA FISCAL ELETRÔNICA - NF-e 07/10/2014 11:55:10 
 Anexo Encontrado: image001.png 07/10/2014 11:55:10 
 Anexo Encontrado: image002.png 07/10/2014 11:55:10 
 Anexo Encontrado: image003.png 07/10/2014 11:55:10 
 Anexo Encontrado: image004.png 07/10/2014 11:55:10 
 Anexo Encontrado: image009.jpg 07/10/2014 11:55:10 
 Anexo Encontrado: image010.jpg 07/10/2014 11:55:10 
 Realizando Parse do Xml...  07/10/2014 11:55:10 
 Nota Fiscal já existente, verifique! 07/10/2014 11:55:10 
 Parse realizado com sucesso!  07/10/2014 11:55:10 
 Verificando Email's...  07/10/2014 11:55:15 
 Verificando Email's...  07/10/2014 11:55:20 
 Verificando Email's...  07/10/2014 11:55:25 
 Verificando Email's...  07/10/2014 11:55:30 
 Verificando Email's...  07/10/2014 11:55:35 
 Verificando Email's...  07/10/2014 11:55:40 
 Verificando Email's...  07/10/2014 11:55:45 
 Verificando Email's...  07/10/2014 11:55:50 
 Verificando Email's...  07/10/2014 11:55:55 
 Verificando Email's...  07/10/2014 11:56:00 
 Verificando Email's...  07/10/2014 11:56:05 
 Novo Email recebido. Remetente: Dafiti - Parceiro Getmail <dafiti@liuta.com.br>, Assunto: ULTIMAS 24hs! Com até 80% OFF nas Melhores Marcas 07/10/2014 11:56:05 
 Realizando Parse do Xml...  07/10/2014 11:56:05 
 Nota Fiscal já existente, verifique! 07/10/2014 11:56:06 
 Parse realizado com sucesso!  07/10/2014 11:56:06 
 Verificando Email's...  07/10/2014 11:56:10 
 Verificando Email's...  07/10/2014 12:00:16 
 Verificando Email's...  07/10/2014 12:00:21 
 Verificando Email's...  07/10/2014 12:00:26 
 Verificando Email's...  07/10/2014 12:00:31 
 Verificando Email's...  07/10/2014 12:00:36 
 Verificando Email's...  07/10/2014 12:00:41 
 Verificando Email's...  07/10/2014 12:00:46 
 Verificando Email's...  07/10/2014 12:00:51 
 Verificando Email's...  07/10/2014 12:00:56 
 Verificando Email's...  07/10/2014 12:01:01 
 Verificando Email's...  07/10/2014 12:01:06 
 Verificando Email's...  07/10/2014 12:01:11 
 Verificando Email's...  07/10/2014 12:01:16 
 Verificando Email's...  07/10/2014 12:01:21 
 Verificando Email's...  07/10/2014 12:01:26 
 Novo Email recebido. Remetente: Leandro Franciscato <leandro@dbsti.com.br>, Assunto: Fwd: NOTA FISCAL ELETRÔNICA - NF-e 07/10/2014 12:01:26 
 Anexo Encontrado: 42140905046582000160550010000109891000000004-nfe.xml 07/10/2014 12:01:26 
 Download do XML da nota 42140905046582000160550010000109891000000004-nfe.xml realizado com sucesso. 07/10/2014 12:01:26 
 Anexo Encontrado: 42140905046582000160550010000109891000000004.pdf 07/10/2014 12:01:26 
 Download do PDF da nota 42140905046582000160550010000109891000000004.pdf realizado com sucesso. 07/10/2014 12:01:27 
 Realizando Parse do Xml...  07/10/2014 12:01:27 
 Parse realizado com sucesso!  07/10/2014 12:01:32 
 Verificando Email's...  07/10/2014 12:01:32 
 Verificando Email's...  07/10/2014 12:01:36 
 Verificando Email's...  07/10/2014 12:01:41 
 Verificando Email's...  07/10/2014 12:01:46 
 Verificando Email's...  07/10/2014 12:01:51 
 Verificando Email's...  07/10/2014 12:01:56 
 Verificando Email's...  07/10/2014 12:02:01 
 Verificando Email's...  07/10/2014 12:02:06 
 Novo Email recebido. Remetente: nfe@ediprint.com.br, Assunto: ENC: NOTA FISCAL ELETRÔNICA - NF-e 07/10/2014 12:02:06 
 Anexo Encontrado: 42140905046582000160550010000109891000000004-nfe.xml 07/10/2014 12:02:06 
 Download do XML da nota 42140905046582000160550010000109891000000004-nfe.xml realizado com sucesso. 07/10/2014 12:02:06 
 Anexo Encontrado: 42140905046582000160550010000109891000000004.pdf 07/10/2014 12:02:06 
 Download do PDF da nota 42140905046582000160550010000109891000000004.pdf realizado com sucesso. 07/10/2014 12:02:06 
 Realizando Parse do Xml...  07/10/2014 12:02:06 
 Nota Fiscal já existente, verifique! 07/10/2014 12:02:08 
 Parse realizado com sucesso!  07/10/2014 12:02:08 
 Verificando Email's...  07/10/2014 12:02:11 
 Verificando Email's...  07/10/2014 12:02:16 
 Verificando Email's...  07/10/2014 12:02:21 
 Verificando Email's...  07/10/2014 12:07:52 
 Novo Email recebido. Remetente: =?UTF-8?Q?UOL=20Antivirus?= <miguel@sp.melhoreschances.com.br>, Assunto: Evite surpresas de=?UTF-8?Q?sagrad?=áveis 07/10/2014 12:07:52 
 Verificando Email's...  07/10/2014 12:07:57 
 Verificando Email's...  07/10/2014 12:08:02 
 Verificando Email's...  07/10/2014 12:08:07 
 Novo Email recebido. Remetente: "GABRIEL B. L. " <vivian@mlc.com.br>, Assunto: Envio dos arquivos XML/PDF da NF-e serie/número [1/005784] de Razão Social: [GABRIEL B. L. CORREA] CNPJ: [07.349.356/0001-84] 07/10/2014 12:08:07 
 Anexo Encontrado: 43141007349356000184550010000057841201412040-nfe.xml 07/10/2014 12:08:07 
 Download do XML da nota 43141007349356000184550010000057841201412040-nfe.xml realizado com sucesso. 07/10/2014 12:08:07 
 Anexo Encontrado: 43141007349356000184550010000057841201412040-nfe.pdf 07/10/2014 12:08:07 
 Download do PDF da nota 43141007349356000184550010000057841201412040-nfe.pdf realizado com sucesso. 07/10/2014 12:08:08 
 Realizando Parse do Xml...  07/10/2014 12:08:08 
 Parse realizado com sucesso!  07/10/2014 12:08:13 
 Verificando Email's...  07/10/2014 12:08:13 
 Verificando Email's...  07/10/2014 12:08:17 
 Verificando Email's...  07/10/2014 12:08:22 
 Novo Email recebido. Remetente: nfe@ediprint.com.br, Assunto: ENC: Envio dos arquivos XML/PDF da NF-e serie/número [1/055831] de Razão Social: [MLC INDUSTRIA MECANICA  LTDA] CNPJ: [74.571.621/0001-61] 07/10/2014 12:08:22 
 Anexo Encontrado: 35141074571621000161550010000558311014136167-nfe.xml 07/10/2014 12:08:22 
 Download do XML da nota 35141074571621000161550010000558311014136167-nfe.xml realizado com sucesso. 07/10/2014 12:08:22 
 Anexo Encontrado: 35141074571621000161550010000558311014136167-nfe.pdf 07/10/2014 12:08:22 
 Download do PDF da nota 35141074571621000161550010000558311014136167-nfe.pdf realizado com sucesso. 07/10/2014 12:08:22 
 Realizando Parse do Xml...  07/10/2014 12:08:22 
 Parse realizado com sucesso!  07/10/2014 12:08:23 
 Verificando Email's...  07/10/2014 12:08:27 
 Novo Email recebido. Remetente: nfe@ediprint.com.br, Assunto: ENC: NOTA FISCAL ELETRÔNICA - NF-e 07/10/2014 12:08:27 
 Anexo Encontrado: 42140905046582000160550010000109891000000004-nfe.xml 07/10/2014 12:08:27 
 Download do XML da nota 42140905046582000160550010000109891000000004-nfe.xml realizado com sucesso. 07/10/2014 12:08:27 
 Anexo Encontrado: 42140905046582000160550010000109891000000004.pdf 07/10/2014 12:08:27 
 Download do PDF da nota 42140905046582000160550010000109891000000004.pdf realizado com sucesso. 07/10/2014 12:08:27 
 Realizando Parse do Xml...  07/10/2014 12:08:27 
 Parse realizado com sucesso!  07/10/2014 12:08:29 
 Verificando Email's...  07/10/2014 12:08:32 
 Novo Email recebido. Remetente: Leandro Franciscato <leandro@dbsti.com.br>, Assunto: Fwd: NOTA FISCAL ELETRÔNICA - NF-e 07/10/2014 12:08:32 
 Anexo Encontrado: 42140905046582000160550010000109891000000004-nfe.xml 07/10/2014 12:08:32 
 Download do XML da nota 42140905046582000160550010000109891000000004-nfe.xml realizado com sucesso. 07/10/2014 12:08:32 
 Anexo Encontrado: 42140905046582000160550010000109891000000004.pdf 07/10/2014 12:08:32 
 Download do PDF da nota 42140905046582000160550010000109891000000004.pdf realizado com sucesso. 07/10/2014 12:08:32 
 Realizando Parse do Xml...  07/10/2014 12:08:32 
 Nota Fiscal já existente, verifique! 07/10/2014 12:08:33 
 Parse realizado com sucesso!  07/10/2014 12:08:33 
 Verificando Email's...  07/10/2014 12:08:37 
 Novo Email recebido. Remetente: nfe@ediprint.com.br, Assunto: ENC: Suzano Papel e Celulose S.A. - NF-e 000001926 07/10/2014 12:08:37 
 Anexo Encontrado: NFe41141016404287015004550010000019261003184097.xml 07/10/2014 12:08:37 
 Download do XML da nota NFe41141016404287015004550010000019261003184097.xml realizado com sucesso. 07/10/2014 12:08:39 
 Realizando Parse do Xml...  07/10/2014 12:08:39 
 Parse realizado com sucesso!  07/10/2014 12:08:40 
 Verificando Email's...  07/10/2014 12:08:42 
 Novo Email recebido. Remetente: MLC INDUSTRIA MECANICA  <faturamento@mlc.com.br>, Assunto: Envio dos arquivos XML/PDF da NF-e serie/número [1/055831] de Razão Social: [MLC INDUSTRIA MECANICA LTDA] CNPJ: [74.571.621/0001-61] 07/10/2014 12:08:42 
 Anexo Encontrado: 35141074571621000161550010000558311014136167-nfe.xml 07/10/2014 12:08:42 
 Download do XML da nota 35141074571621000161550010000558311014136167-nfe.xml realizado com sucesso. 07/10/2014 12:08:42 
 Anexo Encontrado: 35141074571621000161550010000558311014136167-nfe.pdf 07/10/2014 12:08:42 
 Download do PDF da nota 35141074571621000161550010000558311014136167-nfe.pdf realizado com sucesso. 07/10/2014 12:08:42 
 Realizando Parse do Xml...  07/10/2014 12:08:42 
 Nota Fiscal já existente, verifique! 07/10/2014 12:08:43 
 Parse realizado com sucesso!  07/10/2014 12:08:43 
 Verificando Email's...  07/10/2014 12:08:47 
 Novo Email recebido. Remetente: nfe@suzano.com.br, Assunto: Suzano Papel e Celulose S.A. - NF-e 000001926 07/10/2014 12:08:47 
 Anexo Encontrado: NFe41141016404287015004550010000019261003184097.xml 07/10/2014 12:08:47 
 Download do XML da nota NFe41141016404287015004550010000019261003184097.xml realizado com sucesso. 07/10/2014 12:08:47 
 Realizando Parse do Xml...  07/10/2014 12:08:47 
 Nota Fiscal já existente, verifique! 07/10/2014 12:08:48 
 Parse realizado com sucesso!  07/10/2014 12:08:48 
 Verificando Email's...  07/10/2014 12:08:52 
 Verificando Email's...  07/10/2014 12:08:57 
 Novo Email recebido. Remetente: envio_nfe@arconvert.com.br, Assunto: =?iso-8859-1?Q?Nota Fiscal Eletr=F4nica da ARCONVERT BRASIL LTDA - Chave de Acesso : 35141002364069000120550010000487501000261157?= 07/10/2014 12:08:57 
 Anexo Encontrado: 35141002364069000120550010000487501000261157-NFe-Proc.XML 07/10/2014 12:08:57 
 Download do XML da nota 35141002364069000120550010000487501000261157-NFe-Proc.XML realizado com sucesso. 07/10/2014 12:08:57 
 Realizando Parse do Xml...  07/10/2014 12:08:57 
 Parse realizado com sucesso!  07/10/2014 12:09:00 
 Verificando Email's...  07/10/2014 12:09:02 
 Verificando Email's...  07/10/2014 12:09:07 
 Verificando Email's...  07/10/2014 12:09:12 
 Verificando Email's...  07/10/2014 12:09:17 
 Verificando Email's...  07/10/2014 12:09:22 
 Verificando Email's...  07/10/2014 12:09:27 
 Verificando Email's...  07/10/2014 12:09:32 
 Verificando Email's...  07/10/2014 12:09:37 
 Verificando Email's...  07/10/2014 12:09:42 
 Verificando Email's...  07/10/2014 12:11:04 
 Verificando Email's...  07/10/2014 12:11:09 
 Verificando Email's...  07/10/2014 12:11:14 
 Verificando Email's...  07/10/2014 12:11:19 
 Verificando Email's...  07/10/2014 12:11:24 
 Verificando Email's...  07/10/2014 12:11:29 
 Verificando Email's...  07/10/2014 12:11:34 
 Verificando Email's...  07/10/2014 12:11:39 
 Verificando Email's...  07/10/2014 12:11:44 
 Verificando Email's...  07/10/2014 12:11:49 
 Verificando Email's...  07/10/2014 12:11:54 
 Verificando Email's...  07/10/2014 12:11:59 
 Verificando Email's...  07/10/2014 12:12:04 
 Verificando Email's...  07/10/2014 12:13:35 
 Novo Email recebido. Remetente: nfe@ediprint.com.br, Assunto: NFE 07/10/2014 12:13:35 
 Anexo Encontrado: NFe41141016404287015004550010000019261003184097.xml 07/10/2014 12:13:36 
 Download do XML da nota NFe41141016404287015004550010000019261003184097.xml realizado com sucesso. 07/10/2014 12:13:36 
 Realizando Parse do Xml...  07/10/2014 12:13:36 
 Nota Fiscal já existente, verifique! 07/10/2014 12:13:39 
 Parse realizado com sucesso!  07/10/2014 12:13:39 
 Verificando Email's...  07/10/2014 12:13:40 
 Verificando Email's...  07/10/2014 12:13:45 
 Verificando Email's...  07/10/2014 12:14:46 
 Novo Email recebido. Remetente: nfe@ediprint.com.br, Assunto: NFE 07/10/2014 12:14:46 
 Anexo Encontrado: NFe41141016404287015004550010000019261003184097.xml 07/10/2014 12:14:46 
 Download do XML da nota NFe41141016404287015004550010000019261003184097.xml realizado com sucesso. 07/10/2014 12:14:46 
 Realizando Parse do Xml...  07/10/2014 12:14:46 
 Parse realizado com sucesso!  07/10/2014 12:14:49 
 Verificando Email's...  07/10/2014 12:14:51 
 Verificando Email's...  07/10/2014 12:17:10 
 Novo Email recebido. Remetente: nfe@ediprint.com.br, Assunto: TESTE 07/10/2014 12:17:10 
 Anexo Encontrado: NFe41141016404287015004550010000019261003184097.xml 07/10/2014 12:17:10 
 Download do XML da nota NFe41141016404287015004550010000019261003184097.xml realizado com sucesso. 07/10/2014 12:17:10 
 Realizando Parse do Xml...  07/10/2014 12:17:10 
 For input string: "A3502.20" 07/10/2014 12:17:13 
 Verificando Email's...  07/10/2014 12:19:21 
 Novo Email recebido. Remetente: nfe@ediprint.com.br, Assunto: TESTE 07/10/2014 12:19:21 
 Anexo Encontrado: NFe41141016404287015004550010000019261003184097.xml 07/10/2014 12:19:21 
 Download do XML da nota NFe41141016404287015004550010000019261003184097.xml realizado com sucesso. 07/10/2014 12:19:22 
 Realizando Parse do Xml...  07/10/2014 12:19:22 
 For input string: "A3502.20" 07/10/2014 12:19:24 
 Parse realizado com sucesso!  07/10/2014 12:19:24 
 Verificando Email's...  07/10/2014 12:19:26 
 Verificando Email's...  07/10/2014 12:19:31 
 Verificando Email's...  07/10/2014 12:19:36 
 Verificando Email's...  07/10/2014 12:19:41 
 Verificando Email's...  07/10/2014 12:22:39 
 Novo Email recebido. Remetente: nfe@ediprint.com.br, Assunto: TESTE 07/10/2014 12:22:39 
 Anexo Encontrado: NFe41141016404287015004550010000019261003184097.xml 07/10/2014 12:22:39 
 Download do XML da nota NFe41141016404287015004550010000019261003184097.xml realizado com sucesso. 07/10/2014 12:22:39 
 Realizando Parse do Xml...  07/10/2014 12:22:39 
 Nota Fiscal já existente, verifique! 07/10/2014 12:22:41 
 Parse realizado com sucesso!  07/10/2014 12:22:41 
 Verificando Email's...  07/10/2014 12:22:44 
 Verificando Email's...  07/10/2014 12:22:49 
 Verificando Email's...  07/10/2014 12:25:36 
 Novo Email recebido. Remetente: nfe@ediprint.com.br, Assunto: TESTE 07/10/2014 12:25:37 
 Anexo Encontrado: NFe41141016404287015004550010000019261003184097.xml 07/10/2014 12:25:37 
 Download do XML da nota NFe41141016404287015004550010000019261003184097.xml realizado com sucesso. 07/10/2014 12:25:37 
 Realizando Parse do Xml...  07/10/2014 12:25:37 
 For input string: "A3502.20" 07/10/2014 12:25:39 
 Verificando Email's...  07/10/2014 12:26:46 
 Novo Email recebido. Remetente: nfe@ediprint.com.br, Assunto: TESTE 07/10/2014 12:26:47 
 Anexo Encontrado: NFe41141016404287015004550010000019261003184097.xml 07/10/2014 12:26:47 
 Download do XML da nota NFe41141016404287015004550010000019261003184097.xml realizado com sucesso. 07/10/2014 12:26:47 
 Realizando Parse do Xml...  07/10/2014 12:26:47 
 For input string: "A3502.20" 07/10/2014 12:26:49 
 Verificando Email's...  07/10/2014 12:32:16 
 Novo Email recebido. Remetente: nfe@ediprint.com.br, Assunto: TESTE 07/10/2014 12:32:17 
 Anexo Encontrado: NFe41141016404287015004550010000019261003184097.xml 07/10/2014 12:32:18 
 Download do XML da nota NFe41141016404287015004550010000019261003184097.xml realizado com sucesso. 07/10/2014 12:32:18 
 Realizando Parse do Xml...  07/10/2014 12:32:18 
 For input string: "A3502.20" 07/10/2014 12:32:20 
 Verificando Email's...  07/10/2014 12:32:21 
 Verificando Email's...  07/10/2014 12:32:26 
 Verificando Email's...  07/10/2014 12:40:17 
 Verificando Email's...  07/10/2014 12:41:45 
 Novo Email recebido. Remetente: nfe@ediprint.com.br, Assunto: TESTE 07/10/2014 12:41:46 
 Anexo Encontrado: NFe41141016404287015004550010000019261003184097.xml 07/10/2014 12:41:46 
 Download do XML da nota NFe41141016404287015004550010000019261003184097.xml realizado com sucesso. 07/10/2014 12:41:46 
 Realizando Parse do Xml...  07/10/2014 12:41:46 
 For input string: "A3502.20" 07/10/2014 12:41:50 
 Verificando Email's...  07/10/2014 12:41:50 
 Verificando Email's...  07/10/2014 12:41:55 
 Verificando Email's...  07/10/2014 12:42:00 
 Verificando Email's...  07/10/2014 12:42:05 
 Verificando Email's...  07/10/2014 12:42:10 
 Verificando Email's...  07/10/2014 12:42:15 
 Novo Email recebido. Remetente: "GABRIEL B. L. " <vivian@mlc.com.br>, Assunto: Envio dos arquivos XML/PDF da NF-e serie/número [1/005784] de Razão Social: [GABRIEL B. L. CORREA] CNPJ: [07.349.356/0001-84] 07/10/2014 12:42:15 
 Anexo Encontrado: 43141007349356000184550010000057841201412040-nfe.xml 07/10/2014 12:42:15 
 Download do XML da nota 43141007349356000184550010000057841201412040-nfe.xml realizado com sucesso. 07/10/2014 12:42:15 
 Anexo Encontrado: 43141007349356000184550010000057841201412040-nfe.pdf 07/10/2014 12:42:15 
 Download do PDF da nota 43141007349356000184550010000057841201412040-nfe.pdf realizado com sucesso. 07/10/2014 12:42:16 
 Realizando Parse do Xml...  07/10/2014 12:42:16 
 Verificando Email's...  07/10/2014 12:42:20 
 Verificando Email's...  07/10/2014 12:44:27 
 Novo Email recebido. Remetente: "GABRIEL B. L. " <vivian@mlc.com.br>, Assunto: Envio dos arquivos XML/PDF da NF-e serie/número [1/005784] de Razão Social: [GABRIEL B. L. CORREA] CNPJ: [07.349.356/0001-84] 07/10/2014 12:44:27 
 Anexo Encontrado: 43141007349356000184550010000057841201412040-nfe.xml 07/10/2014 12:44:27 
 Download do XML da nota 43141007349356000184550010000057841201412040-nfe.xml realizado com sucesso. 07/10/2014 12:44:27 
 Anexo Encontrado: 43141007349356000184550010000057841201412040-nfe.pdf 07/10/2014 12:44:27 
 Download do PDF da nota 43141007349356000184550010000057841201412040-nfe.pdf realizado com sucesso. 07/10/2014 12:44:28 
 Realizando Parse do Xml...  07/10/2014 12:44:28 
 Parse realizado com sucesso!  07/10/2014 12:44:30 
 Novo Email recebido. Remetente: "GABRIEL B. L. " <vivian@mlc.com.br>, Assunto: Envio dos arquivos XML/PDF da NF-e serie/número [1/005784] de Razão Social: [GABRIEL B. L. CORREA] CNPJ: [07.349.356/0001-84] 07/10/2014 12:44:30 
 Anexo Encontrado: 43141007349356000184550010000057841201412040-nfe.xml 07/10/2014 12:44:30 
 Download do XML da nota 43141007349356000184550010000057841201412040-nfe.xml realizado com sucesso. 07/10/2014 12:44:31 
 Anexo Encontrado: 43141007349356000184550010000057841201412040-nfe.pdf 07/10/2014 12:44:31 
 Download do PDF da nota 43141007349356000184550010000057841201412040-nfe.pdf realizado com sucesso. 07/10/2014 12:44:31 
 Realizando Parse do Xml...  07/10/2014 12:44:31 
 Nota Fiscal já existente, verifique! 07/10/2014 12:44:31 
 Parse realizado com sucesso!  07/10/2014 12:44:31 
 Verificando Email's...  07/10/2014 12:44:32 
 Verificando Email's...  07/10/2014 12:44:37 
 Verificando Email's...  07/10/2014 12:44:42 
 Verificando Email's...  07/10/2014 12:44:47 
 Verificando Email's...  07/10/2014 12:44:52 
 Verificando Email's...  07/10/2014 12:44:57 
 Verificando Email's...  07/10/2014 12:45:02 
 Novo Email recebido. Remetente: nfe@ediprint.com.br, Assunto: TESTE 07/10/2014 12:45:02 
 Anexo Encontrado: NFe41141016404287015004550010000019261003184097.xml 07/10/2014 12:45:02 
 Download do XML da nota NFe41141016404287015004550010000019261003184097.xml realizado com sucesso. 07/10/2014 12:45:02 
 Realizando Parse do Xml...  07/10/2014 12:45:02 
 For input string: "A3502.20" 07/10/2014 12:45:04 
 Verificando Email's...  07/10/2014 12:45:07 
 Verificando Email's...  07/10/2014 12:45:12 
 Verificando Email's...  07/10/2014 12:45:17 
 Verificando Email's...  07/10/2014 12:45:22 
 Novo Email recebido. Remetente: =?UTF-8?Q?UOL=20Antivirus?= <miguel@sp.melhoreschances.com.br>, Assunto: Evite surpresas de=?UTF-8?Q?sagrad?=áveis 07/10/2014 12:45:22 
 Realizando Parse do Xml...  07/10/2014 12:45:22 
 For input string: "A3502.20" 07/10/2014 12:45:24 
 Verificando Email's...  07/10/2014 12:45:27 
 Verificando Email's...  07/10/2014 12:45:32 
 Verificando Email's...  07/10/2014 12:47:11 
 Verificando Email's...  07/10/2014 12:47:16 
 Novo Email recebido. Remetente: nfe@ediprint.com.br, Assunto: TESTE 07/10/2014 12:47:17 
 Anexo Encontrado: NFe41141016404287015004550010000019261003184097.xml 07/10/2014 12:47:17 
 Download do XML da nota NFe41141016404287015004550010000019261003184097.xml realizado com sucesso. 07/10/2014 12:47:17 
 Realizando Parse do Xml...  07/10/2014 12:47:17 
 For input string: "A3502.20" 07/10/2014 12:47:19 
 Verificando Email's...  07/10/2014 12:47:21 
 Verificando Email's...  07/10/2014 12:47:26 
 Novo Email recebido. Remetente: =?UTF-8?Q?UOL=20Antivirus?= <miguel@sp.melhoreschances.com.br>, Assunto: Evite surpresas de=?UTF-8?Q?sagrad?=áveis 07/10/2014 12:47:26 
 Verificando Email's...  07/10/2014 12:47:31 
 Verificando Email's...  07/10/2014 12:47:36 
 Verificando Email's...  07/10/2014 12:47:41 
 Verificando Email's...  07/10/2014 12:47:46 
 Verificando Email's...  07/10/2014 12:47:51 
 Verificando Email's...  07/10/2014 12:47:56 
 Verificando Email's...  07/10/2014 12:48:01 
 Verificando Email's...  07/10/2014 12:48:06 
 Verificando Email's...  07/10/2014 12:48:11 
 Verificando Email's...  07/10/2014 12:48:16 
 Verificando Email's...  07/10/2014 12:48:21 
 Novo Email recebido. Remetente: nfe@ediprint.com.br, Assunto: ENC: Envio dos arquivos XML/PDF da NF-e serie/número [1/055831] de Razão Social: [MLC INDUSTRIA MECANICA  LTDA] CNPJ: [74.571.621/0001-61] 07/10/2014 12:48:21 
 Anexo Encontrado: 35141074571621000161550010000558311014136167-nfe.xml 07/10/2014 12:48:22 
 Download do XML da nota 35141074571621000161550010000558311014136167-nfe.xml realizado com sucesso. 07/10/2014 12:48:22 
 Anexo Encontrado: 35141074571621000161550010000558311014136167-nfe.pdf 07/10/2014 12:48:22 
 Download do PDF da nota 35141074571621000161550010000558311014136167-nfe.pdf realizado com sucesso. 07/10/2014 12:48:22 
 Realizando Parse do Xml...  07/10/2014 12:48:22 
 Verificando Email's...  07/10/2014 12:48:26 
 Verificando Email's...  07/10/2014 12:48:31 
 Verificando Email's...  07/10/2014 12:48:36 
 Verificando Email's...  07/10/2014 12:48:41 
 Verificando Email's...  07/10/2014 12:48:46 
 Verificando Email's...  07/10/2014 12:48:51 
 Verificando Email's...  07/10/2014 12:48:56 
 Verificando Email's...  07/10/2014 12:49:01 
 Verificando Email's...  07/10/2014 12:49:06 
 Novo Email recebido. Remetente: nfe@ediprint.com.br, Assunto: ENC: Envio dos arquivos XML/PDF da NF-e serie/número [1/055831] de Razão Social: [MLC INDUSTRIA MECANICA  LTDA] CNPJ: [74.571.621/0001-61] 07/10/2014 12:49:06 
 Anexo Encontrado: 35141074571621000161550010000558311014136167-nfe.xml 07/10/2014 12:49:06 
 Download do XML da nota 35141074571621000161550010000558311014136167-nfe.xml realizado com sucesso. 07/10/2014 12:49:07 
 Anexo Encontrado: 35141074571621000161550010000558311014136167-nfe.pdf 07/10/2014 12:49:07 
 Download do PDF da nota 35141074571621000161550010000558311014136167-nfe.pdf realizado com sucesso. 07/10/2014 12:49:07 
 Realizando Parse do Xml...  07/10/2014 12:49:07 
 Verificando Email's...  07/10/2014 12:52:20 
 Novo Email recebido. Remetente: nfe@ediprint.com.br, Assunto: ENC: Envio dos arquivos XML/PDF da NF-e serie/número [1/055831] de Razão Social: [MLC INDUSTRIA MECANICA  LTDA] CNPJ: [74.571.621/0001-61] 07/10/2014 12:52:21 
 Anexo Encontrado: 35141074571621000161550010000558311014136167-nfe.xml 07/10/2014 12:52:21 
 Download do XML da nota 35141074571621000161550010000558311014136167-nfe.xml realizado com sucesso. 07/10/2014 12:52:21 
 Anexo Encontrado: 35141074571621000161550010000558311014136167-nfe.pdf 07/10/2014 12:52:21 
 Download do PDF da nota 35141074571621000161550010000558311014136167-nfe.pdf realizado com sucesso. 07/10/2014 12:52:22 
 Realizando Parse do Xml...  07/10/2014 12:52:22 
 Verificando Email's...  07/10/2014 12:53:39 
 Novo Email recebido. Remetente: nfe@ediprint.com.br, Assunto: ENC: Envio dos arquivos XML/PDF da NF-e serie/número [1/055831] de Razão Social: [MLC INDUSTRIA MECANICA  LTDA] CNPJ: [74.571.621/0001-61] 07/10/2014 12:53:39 
 Anexo Encontrado: 35141074571621000161550010000558311014136167-nfe.xml 07/10/2014 12:53:39 
 Download do XML da nota 35141074571621000161550010000558311014136167-nfe.xml realizado com sucesso. 07/10/2014 12:53:39 
 Anexo Encontrado: 35141074571621000161550010000558311014136167-nfe.pdf 07/10/2014 12:53:39 
 Download do PDF da nota 35141074571621000161550010000558311014136167-nfe.pdf realizado com sucesso. 07/10/2014 12:53:40 
 Realizando Parse do Xml...  07/10/2014 12:53:40 
 Verificando Email's...  07/10/2014 12:54:41 
 Novo Email recebido. Remetente: nfe@ediprint.com.br, Assunto: ENC: Envio dos arquivos XML/PDF da NF-e serie/número [1/055831] de Razão Social: [MLC INDUSTRIA MECANICA  LTDA] CNPJ: [74.571.621/0001-61] 07/10/2014 12:54:41 
 Anexo Encontrado: 35141074571621000161550010000558311014136167-nfe.xml 07/10/2014 12:54:42 
 Download do XML da nota 35141074571621000161550010000558311014136167-nfe.xml realizado com sucesso. 07/10/2014 12:54:42 
 Anexo Encontrado: 35141074571621000161550010000558311014136167-nfe.pdf 07/10/2014 12:54:42 
 Download do PDF da nota 35141074571621000161550010000558311014136167-nfe.pdf realizado com sucesso. 07/10/2014 12:54:42 
 Realizando Parse do Xml...  07/10/2014 12:54:42 
 Verificando Email's...  07/10/2014 12:55:24 
 Novo Email recebido. Remetente: nfe@ediprint.com.br, Assunto: ENC: Envio dos arquivos XML/PDF da NF-e serie/número [1/055831] de Razão Social: [MLC INDUSTRIA MECANICA  LTDA] CNPJ: [74.571.621/0001-61] 07/10/2014 12:55:24 
 Anexo Encontrado: 35141074571621000161550010000558311014136167-nfe.xml 07/10/2014 12:55:24 
 Download do XML da nota 35141074571621000161550010000558311014136167-nfe.xml realizado com sucesso. 07/10/2014 12:55:24 
 Anexo Encontrado: 35141074571621000161550010000558311014136167-nfe.pdf 07/10/2014 12:55:24 
 Download do PDF da nota 35141074571621000161550010000558311014136167-nfe.pdf realizado com sucesso. 07/10/2014 12:55:25 
 Realizando Parse do Xml...  07/10/2014 12:55:25 
 Verificando Email's...  07/10/2014 12:59:01 
 Novo Email recebido. Remetente: nfe@ediprint.com.br, Assunto: ENC: Envio dos arquivos XML/PDF da NF-e serie/número [1/055831] de Razão Social: [MLC INDUSTRIA MECANICA  LTDA] CNPJ: [74.571.621/0001-61] 07/10/2014 12:59:01 
 Anexo Encontrado: 35141074571621000161550010000558311014136167-nfe.xml 07/10/2014 12:59:02 
 Download do XML da nota 35141074571621000161550010000558311014136167-nfe.xml realizado com sucesso. 07/10/2014 12:59:02 
 Anexo Encontrado: 35141074571621000161550010000558311014136167-nfe.pdf 07/10/2014 12:59:02 
 Download do PDF da nota 35141074571621000161550010000558311014136167-nfe.pdf realizado com sucesso. 07/10/2014 12:59:02 
 Realizando Parse do Xml...  07/10/2014 12:59:02 
 Parse realizado com sucesso!  07/10/2014 12:59:04 
 Verificando Email's...  07/10/2014 12:59:06 
 Verificando Email's...  07/10/2014 12:59:11 
 Verificando Email's...  07/10/2014 12:59:16 
 Verificando Email's...  07/10/2014 12:59:21 
 Verificando Email's...  07/10/2014 12:59:26 
 Verificando Email's...  07/10/2014 12:59:31 
 Verificando Email's...  07/10/2014 12:59:36 
 Verificando Email's...  07/10/2014 12:59:41 
 Novo Email recebido. Remetente: nfe@ediprint.com.br, Assunto: ENC: Envio dos arquivos XML/PDF da NF-e serie/número [1/055831] de Razão Social: [MLC INDUSTRIA MECANICA  LTDA] CNPJ: [74.571.621/0001-61] 07/10/2014 12:59:41 
 Anexo Encontrado: 35141074571621000161550010000558311014136167-nfe.xml 07/10/2014 12:59:41 
 Download do XML da nota 35141074571621000161550010000558311014136167-nfe.xml realizado com sucesso. 07/10/2014 12:59:41 
 Anexo Encontrado: 35141074571621000161550010000558311014136167-nfe.pdf 07/10/2014 12:59:41 
 Download do PDF da nota 35141074571621000161550010000558311014136167-nfe.pdf realizado com sucesso. 07/10/2014 12:59:42 
 Realizando Parse do Xml...  07/10/2014 12:59:42 
 Nota Fiscal já existente, verifique! 07/10/2014 12:59:43 
 Parse realizado com sucesso!  07/10/2014 12:59:43 
 Verificando Email's...  07/10/2014 12:59:46 
 Verificando Email's...  07/10/2014 12:59:51 
 Verificando Email's...  07/10/2014 12:59:56 
 Verificando Email's...  07/10/2014 13:00:01 
 Verificando Email's...  07/10/2014 13:00:06 
 Verificando Email's...  07/10/2014 13:00:11 
 Verificando Email's...  07/10/2014 13:00:16 
 Verificando Email's...  07/10/2014 13:00:21 
 Novo Email recebido. Remetente: "GABRIEL B. L. " <vivian@mlc.com.br>, Assunto: Envio dos arquivos XML/PDF da NF-e serie/número [1/005784] de Razão Social: [GABRIEL B. L. CORREA] CNPJ: [07.349.356/0001-84] 07/10/2014 13:00:21 
 Anexo Encontrado: 43141007349356000184550010000057841201412040-nfe.xml 07/10/2014 13:00:21 
 Download do XML da nota 43141007349356000184550010000057841201412040-nfe.xml realizado com sucesso. 07/10/2014 13:00:21 
 Anexo Encontrado: 43141007349356000184550010000057841201412040-nfe.pdf 07/10/2014 13:00:21 
 Download do PDF da nota 43141007349356000184550010000057841201412040-nfe.pdf realizado com sucesso. 07/10/2014 13:00:22 
 Realizando Parse do Xml...  07/10/2014 13:00:22 
 Nota Fiscal já existente, verifique! 07/10/2014 13:00:23 
 Parse realizado com sucesso!  07/10/2014 13:00:23 
 Verificando Email's...  07/10/2014 13:00:26 
 Verificando Email's...  07/10/2014 13:00:31 
 Verificando Email's...  07/10/2014 13:01:41 
 Novo Email recebido. Remetente: nfe@ediprint.com.br, Assunto: ENC: NOTA FISCAL ELETRÔNICA - NF-e 07/10/2014 13:01:41 
 Anexo Encontrado: 42140905046582000160550010000109891000000004-nfe.xml 07/10/2014 13:01:41 
 Download do XML da nota 42140905046582000160550010000109891000000004-nfe.xml realizado com sucesso. 07/10/2014 13:01:41 
 Anexo Encontrado: 42140905046582000160550010000109891000000004.pdf 07/10/2014 13:01:41 
 Download do PDF da nota 42140905046582000160550010000109891000000004.pdf realizado com sucesso. 07/10/2014 13:01:42 
 Realizando Parse do Xml...  07/10/2014 13:01:42 
 Parse realizado com sucesso!  07/10/2014 13:01:44 
 Verificando Email's...  07/10/2014 13:01:46 
 Verificando Email's...  07/10/2014 13:01:51 
 Verificando Email's...  07/10/2014 13:01:56 
 Novo Email recebido. Remetente: nfe@ediprint.com.br, Assunto: NFE 07/10/2014 13:01:56 
 Anexo Encontrado: NFe41141016404287015004550010000019261003184097.xml 07/10/2014 13:01:56 
 Download do XML da nota NFe41141016404287015004550010000019261003184097.xml realizado com sucesso. 07/10/2014 13:01:57 
 Realizando Parse do Xml...  07/10/2014 13:01:57 
 Parse realizado com sucesso!  07/10/2014 13:01:57 
 Verificando Email's...  07/10/2014 13:02:01 
 Verificando Email's...  07/10/2014 13:02:06 
 Novo Email recebido. Remetente: nfe@ediprint.com.br, Assunto: TESTE 07/10/2014 13:02:06 
 Anexo Encontrado: NFe41141016404287015004550010000019261003184097.xml 07/10/2014 13:02:06 
 Download do XML da nota NFe41141016404287015004550010000019261003184097.xml realizado com sucesso. 07/10/2014 13:02:06 
 Realizando Parse do Xml...  07/10/2014 13:02:06 
 Nota Fiscal já existente, verifique! 07/10/2014 13:02:08 
 Parse realizado com sucesso!  07/10/2014 13:02:08 
 Novo Email recebido. Remetente: =?UTF-8?Q?UOL=20Antivirus?= <miguel@sp.melhoreschances.com.br>, Assunto: Evite surpresas de=?UTF-8?Q?sagrad?=áveis 07/10/2014 13:02:08 
 Realizando Parse do Xml...  07/10/2014 13:02:08 
 Nota Fiscal já existente, verifique! 07/10/2014 13:02:10 
 Parse realizado com sucesso!  07/10/2014 13:02:10 
 Verificando Email's...  07/10/2014 13:02:11 
 Verificando Email's...  07/10/2014 13:02:16 
 Verificando Email's...  07/10/2014 13:02:21 
 Verificando Email's...  07/10/2014 13:02:26 
 Verificando Email's...  07/10/2014 13:02:31 
 Verificando Email's...  07/10/2014 13:02:36 
 Verificando Email's...  07/10/2014 13:02:41